#
# There is insufficient memory for the Java Runtime Environment to continue.
# Native memory allocation (malloc) failed to allocate 32744 bytes for ChunkPool::allocate
# Possible reasons:
#   The system is out of physical RAM or swap space
#   The process is running with CompressedOops enabled, and the Java Heap may be blocking the growth of the native heap
# Possible solutions:
#   Reduce memory load on the system
#   Increase physical memory or swap space
#   Check if swap backing store is full
#   Decrease Java heap size (-Xmx/-Xms)
#   Decrease number of Java threads
#   Decrease Java thread stack sizes (-Xss)
#   Set larger code cache with -XX:ReservedCodeCacheSize=
#   JVM is running with Unscaled Compressed Oops mode in which the Java heap is
#     placed in the first 4GB address space. The Java Heap base address is the
#     maximum limit for the native heap growth. Please use -XX:HeapBaseMinAddress
#     to set the Java Heap base and to place the Java Heap above 4GB virtual address.
# This output file may be truncated or incomplete.
#
#  Out of Memory Error (arena.cpp:79), pid=16992, tid=10544
#
# JRE version: OpenJDK Runtime Environment Corretto-17.0.10.7.1 (17.0.10+7) (build 17.0.10+7-LTS)
# Java VM: OpenJDK 64-Bit Server VM Corretto-17.0.10.7.1 (17.0.10+7-LTS, mixed mode, sharing, tiered, compressed oops, compressed class ptrs, g1 gc, windows-amd64)
# No core dump will be written. Minidumps are not enabled by default on client versions of Windows
#

---------------  S U M M A R Y ------------

Command Line: -javaagent:D:\1-app\IntelliJ IDEA Community Edition 2023.2.5\lib\idea_rt.jar=51797:D:\1-app\IntelliJ IDEA Community Edition 2023.2.5\bin -Dfile.encoding=UTF-8 vn.project.BackendSpringBootApplication

Host: Intel(R) Core(TM) i5-10300H CPU @ 2.50GHz, 8 cores, 7G,  Windows 10 , 64 bit Build 19041 (10.0.19041.3636)
Time: Mon May  6 15:17:57 2024 SE Asia Standard Time elapsed time: 1.885970 seconds (0d 0h 0m 1s)

---------------  T H R E A D  ---------------

Current thread (0x000002fad7290ae0):  JavaThread "C2 CompilerThread0" daemon [_thread_in_native, id=10544, stack(0x000000ffe2400000,0x000000ffe2500000)]


Current CompileTask:
C2:   1886  697 %     4       java.lang.StringLatin1::inflate @ 3 (34 bytes)

Stack: [0x000000ffe2400000,0x000000ffe2500000]
Native frames: (J=compiled Java code, j=interpreted, Vv=VM code, C=native code)
V  [jvm.dll+0x67d2c9]
V  [jvm.dll+0x834b1a]
V  [jvm.dll+0x8365de]
V  [jvm.dll+0x836c43]
V  [jvm.dll+0x2477ff]
V  [jvm.dll+0xac711]
V  [jvm.dll+0xacb5c]
V  [jvm.dll+0x566298]
V  [jvm.dll+0x330c29]
V  [jvm.dll+0x33009a]
V  [jvm.dll+0x219ef1]
V  [jvm.dll+0x219311]
V  [jvm.dll+0x1a502d]
V  [jvm.dll+0x2290de]
V  [jvm.dll+0x2272ac]
V  [jvm.dll+0x7e9bd7]
V  [jvm.dll+0x7e3fda]
V  [jvm.dll+0x67c1b5]
C  [ucrtbase.dll+0x21bb2]
C  [KERNEL32.DLL+0x17344]
C  [ntdll.dll+0x526b1]


---------------  P R O C E S S  ---------------

Threads class SMR info:
_java_thread_list=0x000002fad79d0fb0, length=13, elements={
0x000002fab756a060, 0x000002fad7278b90, 0x000002fad727b820, 0x000002fad728d0a0,
0x000002fad728da60, 0x000002fad728e420, 0x000002fad728fdf0, 0x000002fad7290ae0,
0x000002fad7298ea0, 0x000002fad72a5a60, 0x000002fad78e2980, 0x000002fb1d0e96a0,
0x000002fad7ad1460
}
_to_delete_list=0x000002fb1d0ee350, length=12, elements={
0x000002fab756a060, 0x000002fad7278b90, 0x000002fad727b820, 0x000002fad728d0a0,
0x000002fad728da60, 0x000002fad728e420, 0x000002fad728fdf0, 0x000002fad7290ae0,
0x000002fad7298ea0, 0x000002fad72a5a60, 0x000002fad78e2980, 0x000002fb1d0e96a0
}

Java Threads: ( => current thread )
  0x000002fab756a060 JavaThread "main" [_thread_in_Java, id=5544, stack(0x000000ffe1700000,0x000000ffe1800000)]
  0x000002fad7278b90 JavaThread "Reference Handler" daemon [_thread_blocked, id=12276, stack(0x000000ffe1e00000,0x000000ffe1f00000)]
  0x000002fad727b820 JavaThread "Finalizer" daemon [_thread_blocked, id=9228, stack(0x000000ffe1f00000,0x000000ffe2000000)]
  0x000002fad728d0a0 JavaThread "Signal Dispatcher" daemon [_thread_blocked, id=6100, stack(0x000000ffe2000000,0x000000ffe2100000)]
  0x000002fad728da60 JavaThread "Attach Listener" daemon [_thread_blocked, id=6584, stack(0x000000ffe2100000,0x000000ffe2200000)]
  0x000002fad728e420 JavaThread "Service Thread" daemon [_thread_blocked, id=4572, stack(0x000000ffe2200000,0x000000ffe2300000)]
  0x000002fad728fdf0 JavaThread "Monitor Deflation Thread" daemon [_thread_blocked, id=3432, stack(0x000000ffe2300000,0x000000ffe2400000)]
=>0x000002fad7290ae0 JavaThread "C2 CompilerThread0" daemon [_thread_in_native, id=10544, stack(0x000000ffe2400000,0x000000ffe2500000)]
  0x000002fad7298ea0 JavaThread "C1 CompilerThread0" daemon [_thread_in_native, id=17132, stack(0x000000ffe2500000,0x000000ffe2600000)]
  0x000002fad72a5a60 JavaThread "Sweeper thread" daemon [_thread_blocked, id=3680, stack(0x000000ffe2600000,0x000000ffe2700000)]
  0x000002fad78e2980 JavaThread "Common-Cleaner" daemon [_thread_blocked, id=6036, stack(0x000000ffe2700000,0x000000ffe2800000)]
  0x000002fb1d0e96a0 JavaThread "Monitor Ctrl-Break" daemon [_thread_in_native, id=14824, stack(0x000000ffe2800000,0x000000ffe2900000)]
  0x000002fad7ad1460 JavaThread "Notification Thread" daemon [_thread_blocked, id=15276, stack(0x000000ffe2900000,0x000000ffe2a00000)]

Other Threads:
  0x000002fad7273b80 VMThread "VM Thread" [stack: 0x000000ffe1d00000,0x000000ffe1e00000] [id=7344]
  0x000002fad7ad3950 WatcherThread [stack: 0x000000ffe2a00000,0x000000ffe2b00000] [id=11212]
  0x000002fab75c3110 GCTaskThread "GC Thread#0" [stack: 0x000000ffe1800000,0x000000ffe1900000] [id=15284]
  0x000002fab75d3520 ConcurrentGCThread "G1 Main Marker" [stack: 0x000000ffe1900000,0x000000ffe1a00000] [id=17188]
  0x000002fab75d46e0 ConcurrentGCThread "G1 Conc#0" [stack: 0x000000ffe1a00000,0x000000ffe1b00000] [id=16096]
  0x000002fab76138c0 ConcurrentGCThread "G1 Refine#0" [stack: 0x000000ffe1b00000,0x000000ffe1c00000] [id=11220]
  0x000002fab76142f0 ConcurrentGCThread "G1 Service" [stack: 0x000000ffe1c00000,0x000000ffe1d00000] [id=14660]

Threads with active compile tasks:
C2 CompilerThread0     1998  697 %     4       java.lang.StringLatin1::inflate @ 3 (34 bytes)
C1 CompilerThread0     1998  696       3       java.net.URLStreamHandler::parseURL (1201 bytes)

VM state: not at safepoint (normal execution)

VM Mutex/Monitor currently owned by a thread:  ([mutex/lock_event])
[0x000002fab7563a70] Metaspace_lock - owner thread: 0x000002fab756a060

Heap address: 0x0000000085a00000, size: 1958 MB, Compressed Oops mode: 32-bit

CDS archive(s) mapped at: [0x000002fad8000000-0x000002fad8bb0000-0x000002fad8bb0000), size 12255232, SharedBaseAddress: 0x000002fad8000000, ArchiveRelocationMode: 1.
Compressed class space mapped at: 0x000002fad9000000-0x000002fb19000000, reserved size: 1073741824
Narrow klass base: 0x000002fad8000000, Narrow klass shift: 0, Narrow klass range: 0x100000000

GC Precious Log:
 CPUs: 8 total, 8 available
 Memory: 7825M
 Large Page Support: Disabled
 NUMA Support: Disabled
 Compressed Oops: Enabled (32-bit)
 Heap Region Size: 1M
 Heap Min Capacity: 8M
 Heap Initial Capacity: 124M
 Heap Max Capacity: 1958M
 Pre-touch: Disabled
 Parallel Workers: 8
 Concurrent Workers: 2
 Concurrent Refinement Workers: 8
 Periodic GC: Disabled

Heap:
 garbage-first heap   total 126976K, used 13312K [0x0000000085a00000, 0x0000000100000000)
  region size 1024K, 14 young (14336K), 0 survivors (0K)
 Metaspace       used 3203K, committed 3328K, reserved 1114112K
  class space    used 325K, committed 384K, reserved 1048576K

Heap Regions: E=young(eden), S=young(survivor), O=old, HS=humongous(starts), HC=humongous(continues), CS=collection set, F=free, OA=open archive, CA=closed archive, TAMS=top-at-mark-start (previous, next)
|   0|0x0000000085a00000, 0x0000000085b00000, 0x0000000085b00000|100%|HS|  |TAMS 0x0000000085a00000, 0x0000000085a00000| Complete 
|   1|0x0000000085b00000, 0x0000000085b00000, 0x0000000085c00000|  0%| F|  |TAMS 0x0000000085b00000, 0x0000000085b00000| Untracked 
|   2|0x0000000085c00000, 0x0000000085c00000, 0x0000000085d00000|  0%| F|  |TAMS 0x0000000085c00000, 0x0000000085c00000| Untracked 
|   3|0x0000000085d00000, 0x0000000085d00000, 0x0000000085e00000|  0%| F|  |TAMS 0x0000000085d00000, 0x0000000085d00000| Untracked 
|   4|0x0000000085e00000, 0x0000000085e00000, 0x0000000085f00000|  0%| F|  |TAMS 0x0000000085e00000, 0x0000000085e00000| Untracked 
|   5|0x0000000085f00000, 0x0000000085f00000, 0x0000000086000000|  0%| F|  |TAMS 0x0000000085f00000, 0x0000000085f00000| Untracked 
|   6|0x0000000086000000, 0x0000000086000000, 0x0000000086100000|  0%| F|  |TAMS 0x0000000086000000, 0x0000000086000000| Untracked 
|   7|0x0000000086100000, 0x0000000086100000, 0x0000000086200000|  0%| F|  |TAMS 0x0000000086100000, 0x0000000086100000| Untracked 
|   8|0x0000000086200000, 0x0000000086200000, 0x0000000086300000|  0%| F|  |TAMS 0x0000000086200000, 0x0000000086200000| Untracked 
|   9|0x0000000086300000, 0x0000000086300000, 0x0000000086400000|  0%| F|  |TAMS 0x0000000086300000, 0x0000000086300000| Untracked 
|  10|0x0000000086400000, 0x0000000086400000, 0x0000000086500000|  0%| F|  |TAMS 0x0000000086400000, 0x0000000086400000| Untracked 
|  11|0x0000000086500000, 0x0000000086500000, 0x0000000086600000|  0%| F|  |TAMS 0x0000000086500000, 0x0000000086500000| Untracked 
|  12|0x0000000086600000, 0x0000000086600000, 0x0000000086700000|  0%| F|  |TAMS 0x0000000086600000, 0x0000000086600000| Untracked 
|  13|0x0000000086700000, 0x0000000086700000, 0x0000000086800000|  0%| F|  |TAMS 0x0000000086700000, 0x0000000086700000| Untracked 
|  14|0x0000000086800000, 0x0000000086800000, 0x0000000086900000|  0%| F|  |TAMS 0x0000000086800000, 0x0000000086800000| Untracked 
|  15|0x0000000086900000, 0x0000000086900000, 0x0000000086a00000|  0%| F|  |TAMS 0x0000000086900000, 0x0000000086900000| Untracked 
|  16|0x0000000086a00000, 0x0000000086a00000, 0x0000000086b00000|  0%| F|  |TAMS 0x0000000086a00000, 0x0000000086a00000| Untracked 
|  17|0x0000000086b00000, 0x0000000086b00000, 0x0000000086c00000|  0%| F|  |TAMS 0x0000000086b00000, 0x0000000086b00000| Untracked 
|  18|0x0000000086c00000, 0x0000000086c00000, 0x0000000086d00000|  0%| F|  |TAMS 0x0000000086c00000, 0x0000000086c00000| Untracked 
|  19|0x0000000086d00000, 0x0000000086d00000, 0x0000000086e00000|  0%| F|  |TAMS 0x0000000086d00000, 0x0000000086d00000| Untracked 
|  20|0x0000000086e00000, 0x0000000086e00000, 0x0000000086f00000|  0%| F|  |TAMS 0x0000000086e00000, 0x0000000086e00000| Untracked 
|  21|0x0000000086f00000, 0x0000000086f00000, 0x0000000087000000|  0%| F|  |TAMS 0x0000000086f00000, 0x0000000086f00000| Untracked 
|  22|0x0000000087000000, 0x0000000087000000, 0x0000000087100000|  0%| F|  |TAMS 0x0000000087000000, 0x0000000087000000| Untracked 
|  23|0x0000000087100000, 0x0000000087100000, 0x0000000087200000|  0%| F|  |TAMS 0x0000000087100000, 0x0000000087100000| Untracked 
|  24|0x0000000087200000, 0x0000000087200000, 0x0000000087300000|  0%| F|  |TAMS 0x0000000087200000, 0x0000000087200000| Untracked 
|  25|0x0000000087300000, 0x0000000087300000, 0x0000000087400000|  0%| F|  |TAMS 0x0000000087300000, 0x0000000087300000| Untracked 
|  26|0x0000000087400000, 0x0000000087400000, 0x0000000087500000|  0%| F|  |TAMS 0x0000000087400000, 0x0000000087400000| Untracked 
|  27|0x0000000087500000, 0x0000000087500000, 0x0000000087600000|  0%| F|  |TAMS 0x0000000087500000, 0x0000000087500000| Untracked 
|  28|0x0000000087600000, 0x0000000087600000, 0x0000000087700000|  0%| F|  |TAMS 0x0000000087600000, 0x0000000087600000| Untracked 
|  29|0x0000000087700000, 0x0000000087700000, 0x0000000087800000|  0%| F|  |TAMS 0x0000000087700000, 0x0000000087700000| Untracked 
|  30|0x0000000087800000, 0x0000000087800000, 0x0000000087900000|  0%| F|  |TAMS 0x0000000087800000, 0x0000000087800000| Untracked 
|  31|0x0000000087900000, 0x0000000087900000, 0x0000000087a00000|  0%| F|  |TAMS 0x0000000087900000, 0x0000000087900000| Untracked 
|  32|0x0000000087a00000, 0x0000000087a00000, 0x0000000087b00000|  0%| F|  |TAMS 0x0000000087a00000, 0x0000000087a00000| Untracked 
|  33|0x0000000087b00000, 0x0000000087b00000, 0x0000000087c00000|  0%| F|  |TAMS 0x0000000087b00000, 0x0000000087b00000| Untracked 
|  34|0x0000000087c00000, 0x0000000087c00000, 0x0000000087d00000|  0%| F|  |TAMS 0x0000000087c00000, 0x0000000087c00000| Untracked 
|  35|0x0000000087d00000, 0x0000000087d00000, 0x0000000087e00000|  0%| F|  |TAMS 0x0000000087d00000, 0x0000000087d00000| Untracked 
|  36|0x0000000087e00000, 0x0000000087e00000, 0x0000000087f00000|  0%| F|  |TAMS 0x0000000087e00000, 0x0000000087e00000| Untracked 
|  37|0x0000000087f00000, 0x0000000087f00000, 0x0000000088000000|  0%| F|  |TAMS 0x0000000087f00000, 0x0000000087f00000| Untracked 
|  38|0x0000000088000000, 0x0000000088000000, 0x0000000088100000|  0%| F|  |TAMS 0x0000000088000000, 0x0000000088000000| Untracked 
|  39|0x0000000088100000, 0x0000000088100000, 0x0000000088200000|  0%| F|  |TAMS 0x0000000088100000, 0x0000000088100000| Untracked 
|  40|0x0000000088200000, 0x0000000088200000, 0x0000000088300000|  0%| F|  |TAMS 0x0000000088200000, 0x0000000088200000| Untracked 
|  41|0x0000000088300000, 0x0000000088300000, 0x0000000088400000|  0%| F|  |TAMS 0x0000000088300000, 0x0000000088300000| Untracked 
|  42|0x0000000088400000, 0x0000000088400000, 0x0000000088500000|  0%| F|  |TAMS 0x0000000088400000, 0x0000000088400000| Untracked 
|  43|0x0000000088500000, 0x0000000088500000, 0x0000000088600000|  0%| F|  |TAMS 0x0000000088500000, 0x0000000088500000| Untracked 
|  44|0x0000000088600000, 0x0000000088600000, 0x0000000088700000|  0%| F|  |TAMS 0x0000000088600000, 0x0000000088600000| Untracked 
|  45|0x0000000088700000, 0x0000000088700000, 0x0000000088800000|  0%| F|  |TAMS 0x0000000088700000, 0x0000000088700000| Untracked 
|  46|0x0000000088800000, 0x0000000088800000, 0x0000000088900000|  0%| F|  |TAMS 0x0000000088800000, 0x0000000088800000| Untracked 
|  47|0x0000000088900000, 0x0000000088900000, 0x0000000088a00000|  0%| F|  |TAMS 0x0000000088900000, 0x0000000088900000| Untracked 
|  48|0x0000000088a00000, 0x0000000088a00000, 0x0000000088b00000|  0%| F|  |TAMS 0x0000000088a00000, 0x0000000088a00000| Untracked 
|  49|0x0000000088b00000, 0x0000000088b00000, 0x0000000088c00000|  0%| F|  |TAMS 0x0000000088b00000, 0x0000000088b00000| Untracked 
|  50|0x0000000088c00000, 0x0000000088c00000, 0x0000000088d00000|  0%| F|  |TAMS 0x0000000088c00000, 0x0000000088c00000| Untracked 
|  51|0x0000000088d00000, 0x0000000088d00000, 0x0000000088e00000|  0%| F|  |TAMS 0x0000000088d00000, 0x0000000088d00000| Untracked 
|  52|0x0000000088e00000, 0x0000000088e00000, 0x0000000088f00000|  0%| F|  |TAMS 0x0000000088e00000, 0x0000000088e00000| Untracked 
|  53|0x0000000088f00000, 0x0000000088f00000, 0x0000000089000000|  0%| F|  |TAMS 0x0000000088f00000, 0x0000000088f00000| Untracked 
|  54|0x0000000089000000, 0x0000000089000000, 0x0000000089100000|  0%| F|  |TAMS 0x0000000089000000, 0x0000000089000000| Untracked 
|  55|0x0000000089100000, 0x0000000089100000, 0x0000000089200000|  0%| F|  |TAMS 0x0000000089100000, 0x0000000089100000| Untracked 
|  56|0x0000000089200000, 0x0000000089200000, 0x0000000089300000|  0%| F|  |TAMS 0x0000000089200000, 0x0000000089200000| Untracked 
|  57|0x0000000089300000, 0x0000000089300000, 0x0000000089400000|  0%| F|  |TAMS 0x0000000089300000, 0x0000000089300000| Untracked 
|  58|0x0000000089400000, 0x0000000089400000, 0x0000000089500000|  0%| F|  |TAMS 0x0000000089400000, 0x0000000089400000| Untracked 
|  59|0x0000000089500000, 0x0000000089500000, 0x0000000089600000|  0%| F|  |TAMS 0x0000000089500000, 0x0000000089500000| Untracked 
|  60|0x0000000089600000, 0x0000000089600000, 0x0000000089700000|  0%| F|  |TAMS 0x0000000089600000, 0x0000000089600000| Untracked 
|  61|0x0000000089700000, 0x0000000089700000, 0x0000000089800000|  0%| F|  |TAMS 0x0000000089700000, 0x0000000089700000| Untracked 
|  62|0x0000000089800000, 0x0000000089800000, 0x0000000089900000|  0%| F|  |TAMS 0x0000000089800000, 0x0000000089800000| Untracked 
|  63|0x0000000089900000, 0x0000000089900000, 0x0000000089a00000|  0%| F|  |TAMS 0x0000000089900000, 0x0000000089900000| Untracked 
|  64|0x0000000089a00000, 0x0000000089a00000, 0x0000000089b00000|  0%| F|  |TAMS 0x0000000089a00000, 0x0000000089a00000| Untracked 
|  65|0x0000000089b00000, 0x0000000089b00000, 0x0000000089c00000|  0%| F|  |TAMS 0x0000000089b00000, 0x0000000089b00000| Untracked 
|  66|0x0000000089c00000, 0x0000000089c00000, 0x0000000089d00000|  0%| F|  |TAMS 0x0000000089c00000, 0x0000000089c00000| Untracked 
|  67|0x0000000089d00000, 0x0000000089d00000, 0x0000000089e00000|  0%| F|  |TAMS 0x0000000089d00000, 0x0000000089d00000| Untracked 
|  68|0x0000000089e00000, 0x0000000089e00000, 0x0000000089f00000|  0%| F|  |TAMS 0x0000000089e00000, 0x0000000089e00000| Untracked 
|  69|0x0000000089f00000, 0x0000000089f00000, 0x000000008a000000|  0%| F|  |TAMS 0x0000000089f00000, 0x0000000089f00000| Untracked 
|  70|0x000000008a000000, 0x000000008a000000, 0x000000008a100000|  0%| F|  |TAMS 0x000000008a000000, 0x000000008a000000| Untracked 
|  71|0x000000008a100000, 0x000000008a100000, 0x000000008a200000|  0%| F|  |TAMS 0x000000008a100000, 0x000000008a100000| Untracked 
|  72|0x000000008a200000, 0x000000008a200000, 0x000000008a300000|  0%| F|  |TAMS 0x000000008a200000, 0x000000008a200000| Untracked 
|  73|0x000000008a300000, 0x000000008a300000, 0x000000008a400000|  0%| F|  |TAMS 0x000000008a300000, 0x000000008a300000| Untracked 
|  74|0x000000008a400000, 0x000000008a400000, 0x000000008a500000|  0%| F|  |TAMS 0x000000008a400000, 0x000000008a400000| Untracked 
|  75|0x000000008a500000, 0x000000008a500000, 0x000000008a600000|  0%| F|  |TAMS 0x000000008a500000, 0x000000008a500000| Untracked 
|  76|0x000000008a600000, 0x000000008a600000, 0x000000008a700000|  0%| F|  |TAMS 0x000000008a600000, 0x000000008a600000| Untracked 
|  77|0x000000008a700000, 0x000000008a700000, 0x000000008a800000|  0%| F|  |TAMS 0x000000008a700000, 0x000000008a700000| Untracked 
|  78|0x000000008a800000, 0x000000008a800000, 0x000000008a900000|  0%| F|  |TAMS 0x000000008a800000, 0x000000008a800000| Untracked 
|  79|0x000000008a900000, 0x000000008a900000, 0x000000008aa00000|  0%| F|  |TAMS 0x000000008a900000, 0x000000008a900000| Untracked 
|  80|0x000000008aa00000, 0x000000008aa00000, 0x000000008ab00000|  0%| F|  |TAMS 0x000000008aa00000, 0x000000008aa00000| Untracked 
|  81|0x000000008ab00000, 0x000000008ab00000, 0x000000008ac00000|  0%| F|  |TAMS 0x000000008ab00000, 0x000000008ab00000| Untracked 
|  82|0x000000008ac00000, 0x000000008ac00000, 0x000000008ad00000|  0%| F|  |TAMS 0x000000008ac00000, 0x000000008ac00000| Untracked 
|  83|0x000000008ad00000, 0x000000008ad00000, 0x000000008ae00000|  0%| F|  |TAMS 0x000000008ad00000, 0x000000008ad00000| Untracked 
|  84|0x000000008ae00000, 0x000000008ae00000, 0x000000008af00000|  0%| F|  |TAMS 0x000000008ae00000, 0x000000008ae00000| Untracked 
|  85|0x000000008af00000, 0x000000008af00000, 0x000000008b000000|  0%| F|  |TAMS 0x000000008af00000, 0x000000008af00000| Untracked 
|  86|0x000000008b000000, 0x000000008b000000, 0x000000008b100000|  0%| F|  |TAMS 0x000000008b000000, 0x000000008b000000| Untracked 
|  87|0x000000008b100000, 0x000000008b100000, 0x000000008b200000|  0%| F|  |TAMS 0x000000008b100000, 0x000000008b100000| Untracked 
|  88|0x000000008b200000, 0x000000008b200000, 0x000000008b300000|  0%| F|  |TAMS 0x000000008b200000, 0x000000008b200000| Untracked 
|  89|0x000000008b300000, 0x000000008b300000, 0x000000008b400000|  0%| F|  |TAMS 0x000000008b300000, 0x000000008b300000| Untracked 
|  90|0x000000008b400000, 0x000000008b400000, 0x000000008b500000|  0%| F|  |TAMS 0x000000008b400000, 0x000000008b400000| Untracked 
|  91|0x000000008b500000, 0x000000008b500000, 0x000000008b600000|  0%| F|  |TAMS 0x000000008b500000, 0x000000008b500000| Untracked 
|  92|0x000000008b600000, 0x000000008b600000, 0x000000008b700000|  0%| F|  |TAMS 0x000000008b600000, 0x000000008b600000| Untracked 
|  93|0x000000008b700000, 0x000000008b700000, 0x000000008b800000|  0%| F|  |TAMS 0x000000008b700000, 0x000000008b700000| Untracked 
|  94|0x000000008b800000, 0x000000008b800000, 0x000000008b900000|  0%| F|  |TAMS 0x000000008b800000, 0x000000008b800000| Untracked 
|  95|0x000000008b900000, 0x000000008b900000, 0x000000008ba00000|  0%| F|  |TAMS 0x000000008b900000, 0x000000008b900000| Untracked 
|  96|0x000000008ba00000, 0x000000008ba00000, 0x000000008bb00000|  0%| F|  |TAMS 0x000000008ba00000, 0x000000008ba00000| Untracked 
|  97|0x000000008bb00000, 0x000000008bb00000, 0x000000008bc00000|  0%| F|  |TAMS 0x000000008bb00000, 0x000000008bb00000| Untracked 
|  98|0x000000008bc00000, 0x000000008bc00000, 0x000000008bd00000|  0%| F|  |TAMS 0x000000008bc00000, 0x000000008bc00000| Untracked 
|  99|0x000000008bd00000, 0x000000008bd00000, 0x000000008be00000|  0%| F|  |TAMS 0x000000008bd00000, 0x000000008bd00000| Untracked 
| 100|0x000000008be00000, 0x000000008be00000, 0x000000008bf00000|  0%| F|  |TAMS 0x000000008be00000, 0x000000008be00000| Untracked 
| 101|0x000000008bf00000, 0x000000008bf00000, 0x000000008c000000|  0%| F|  |TAMS 0x000000008bf00000, 0x000000008bf00000| Untracked 
| 102|0x000000008c000000, 0x000000008c000000, 0x000000008c100000|  0%| F|  |TAMS 0x000000008c000000, 0x000000008c000000| Untracked 
| 103|0x000000008c100000, 0x000000008c100000, 0x000000008c200000|  0%| F|  |TAMS 0x000000008c100000, 0x000000008c100000| Untracked 
| 104|0x000000008c200000, 0x000000008c200000, 0x000000008c300000|  0%| F|  |TAMS 0x000000008c200000, 0x000000008c200000| Untracked 
| 105|0x000000008c300000, 0x000000008c300000, 0x000000008c400000|  0%| F|  |TAMS 0x000000008c300000, 0x000000008c300000| Untracked 
| 106|0x000000008c400000, 0x000000008c400000, 0x000000008c500000|  0%| F|  |TAMS 0x000000008c400000, 0x000000008c400000| Untracked 
| 107|0x000000008c500000, 0x000000008c500000, 0x000000008c600000|  0%| F|  |TAMS 0x000000008c500000, 0x000000008c500000| Untracked 
| 108|0x000000008c600000, 0x000000008c600000, 0x000000008c700000|  0%| F|  |TAMS 0x000000008c600000, 0x000000008c600000| Untracked 
| 109|0x000000008c700000, 0x000000008c700000, 0x000000008c800000|  0%| F|  |TAMS 0x000000008c700000, 0x000000008c700000| Untracked 
| 110|0x000000008c800000, 0x000000008c876668, 0x000000008c900000| 46%| E|  |TAMS 0x000000008c800000, 0x000000008c800000| Complete 
| 111|0x000000008c900000, 0x000000008ca00000, 0x000000008ca00000|100%| E|CS|TAMS 0x000000008c900000, 0x000000008c900000| Complete 
| 112|0x000000008ca00000, 0x000000008cb00000, 0x000000008cb00000|100%| E|CS|TAMS 0x000000008ca00000, 0x000000008ca00000| Complete 
| 113|0x000000008cb00000, 0x000000008cc00000, 0x000000008cc00000|100%| E|CS|TAMS 0x000000008cb00000, 0x000000008cb00000| Complete 
| 114|0x000000008cc00000, 0x000000008cd00000, 0x000000008cd00000|100%| E|CS|TAMS 0x000000008cc00000, 0x000000008cc00000| Complete 
| 115|0x000000008cd00000, 0x000000008ce00000, 0x000000008ce00000|100%| E|CS|TAMS 0x000000008cd00000, 0x000000008cd00000| Complete 
| 116|0x000000008ce00000, 0x000000008cf00000, 0x000000008cf00000|100%| E|CS|TAMS 0x000000008ce00000, 0x000000008ce00000| Complete 
| 117|0x000000008cf00000, 0x000000008d000000, 0x000000008d000000|100%| E|CS|TAMS 0x000000008cf00000, 0x000000008cf00000| Complete 
| 118|0x000000008d000000, 0x000000008d100000, 0x000000008d100000|100%| E|CS|TAMS 0x000000008d000000, 0x000000008d000000| Complete 
| 119|0x000000008d100000, 0x000000008d200000, 0x000000008d200000|100%| E|  |TAMS 0x000000008d100000, 0x000000008d100000| Complete 
| 120|0x000000008d200000, 0x000000008d300000, 0x000000008d300000|100%| E|CS|TAMS 0x000000008d200000, 0x000000008d200000| Complete 
| 121|0x000000008d300000, 0x000000008d400000, 0x000000008d400000|100%| E|CS|TAMS 0x000000008d300000, 0x000000008d300000| Complete 
| 122|0x000000008d400000, 0x000000008d500000, 0x000000008d500000|100%| E|CS|TAMS 0x000000008d400000, 0x000000008d400000| Complete 
| 123|0x000000008d500000, 0x000000008d600000, 0x000000008d600000|100%| E|CS|TAMS 0x000000008d500000, 0x000000008d500000| Complete 

Card table byte_map: [0x000002fad0700000,0x000002fad0ae0000] _byte_map_base: 0x000002fad02d3000

Marking Bits (Prev, Next): (CMBitMap*) 0x000002fab75c3730, (CMBitMap*) 0x000002fab75c3770
 Prev Bits: [0x000002fad0ec0000, 0x000002fad2d58000)
 Next Bits: [0x000002fad2d60000, 0x000002fad4bf8000)

Polling page: 0x000002fab7620000

Metaspace:

Usage:
  Non-class:      2.81 MB used.
      Class:    325.77 KB used.
       Both:      3.13 MB used.

Virtual space:
  Non-class space:       64.00 MB reserved,       2.88 MB (  4%) committed,  1 nodes.
      Class space:        1.00 GB reserved,     384.00 KB ( <1%) committed,  1 nodes.
             Both:        1.06 GB reserved,       3.25 MB ( <1%) committed. 

Chunk freelists:
   Non-Class:  10.92 MB
       Class:  15.58 MB
        Both:  26.50 MB

MaxMetaspaceSize: unlimited
CompressedClassSpaceSize: 1.00 GB
Initial GC threshold: 21.00 MB
Current GC threshold: 21.00 MB
CDS: on
MetaspaceReclaimPolicy: balanced
 - commit_granule_bytes: 65536.
 - commit_granule_words: 8192.
 - virtual_space_node_default_size: 8388608.
 - enlarge_chunks_in_place: 1.
 - new_chunks_are_fully_committed: 0.
 - uncommit_free_chunks: 1.
 - use_allocation_guard: 0.
 - handle_deallocations: 1.


Internal statistics:

num_allocs_failed_limit: 0.
num_arena_births: 26.
num_arena_deaths: 0.
num_vsnodes_births: 2.
num_vsnodes_deaths: 0.
num_space_committed: 52.
num_space_uncommitted: 0.
num_chunks_returned_to_freelist: 0.
num_chunks_taken_from_freelist: 91.
num_chunk_merges: 0.
num_chunk_splits: 58.
num_chunks_enlarged: 41.
num_inconsistent_stats: 0.

CodeHeap 'non-profiled nmethods': size=120000Kb used=213Kb max_used=213Kb free=119786Kb
 bounds [0x000002fac8370000, 0x000002fac85e0000, 0x000002facf8a0000]
CodeHeap 'profiled nmethods': size=120000Kb used=1229Kb max_used=1229Kb free=118770Kb
 bounds [0x000002fac08a0000, 0x000002fac0b10000, 0x000002fac7dd0000]
CodeHeap 'non-nmethods': size=5760Kb used=1140Kb max_used=1164Kb free=4619Kb
 bounds [0x000002fac7dd0000, 0x000002fac8040000, 0x000002fac8370000]
 total_blobs=1124 nmethods=696 adapters=341
 compilation: enabled
              stopped_count=0, restarted_count=0
 full_count=0

Compilation events (20 events):
Event: 1.766 Thread 0x000002fad7298ea0 nmethod 686 0x000002fac09d1690 code [0x000002fac09d1860, 0x000002fac09d1bb8]
Event: 1.786 Thread 0x000002fad7298ea0  688       1       java.lang.invoke.MethodTypeForm::parameterSlotCount (5 bytes)
Event: 1.786 Thread 0x000002fad7298ea0 nmethod 688 0x000002fac83a1810 code [0x000002fac83a19a0, 0x000002fac83a1a78]
Event: 1.786 Thread 0x000002fad7298ea0  689       3       java.lang.invoke.LambdaForm$BasicType::basicType (19 bytes)
Event: 1.786 Thread 0x000002fad7290ae0 nmethod 672 0x000002fac83a1b10 code [0x000002fac83a1d20, 0x000002fac83a31c8]
Event: 1.787 Thread 0x000002fad7298ea0 nmethod 689 0x000002fac09d1d10 code [0x000002fac09d1ee0, 0x000002fac09d2138]
Event: 1.788 Thread 0x000002fad7290ae0  690       4       java.lang.AbstractStringBuilder::append (45 bytes)
Event: 1.794 Thread 0x000002fad7298ea0  692       3       java.util.jar.JarFile::maybeInstantiateVerifier (42 bytes)
Event: 1.794 Thread 0x000002fad7298ea0 nmethod 692 0x000002fac09d2290 code [0x000002fac09d2460, 0x000002fac09d27d8]
Event: 1.796 Thread 0x000002fad7290ae0 nmethod 690 0x000002fac83a3890 code [0x000002fac83a3a40, 0x000002fac83a4128]
Event: 1.796 Thread 0x000002fad7290ae0  691       4       java.lang.StringBuilder::append (8 bytes)
Event: 1.804 Thread 0x000002fad7290ae0 nmethod 691 0x000002fac83a4510 code [0x000002fac83a46c0, 0x000002fac83a4d88]
Event: 1.818 Thread 0x000002fad7298ea0  693       3       java.net.URL::toString (5 bytes)
Event: 1.818 Thread 0x000002fad7298ea0 nmethod 693 0x000002fac09d2910 code [0x000002fac09d2ac0, 0x000002fac09d2ce8]
Event: 1.818 Thread 0x000002fad7298ea0  694       3       java.net.URL::toExternalForm (9 bytes)
Event: 1.818 Thread 0x000002fad7298ea0 nmethod 694 0x000002fac09d2e10 code [0x000002fac09d2fc0, 0x000002fac09d3188]
Event: 1.818 Thread 0x000002fad7298ea0  695       3       sun.net.www.protocol.jar.Handler::checkNestedProtocol (18 bytes)
Event: 1.818 Thread 0x000002fad7298ea0 nmethod 695 0x000002fac09d3290 code [0x000002fac09d3440, 0x000002fac09d3628]
Event: 1.818 Thread 0x000002fad7298ea0  696       3       java.net.URLStreamHandler::parseURL (1201 bytes)
Event: 1.822 Thread 0x000002fad7290ae0  697 %     4       java.lang.StringLatin1::inflate @ 3 (34 bytes)

GC Heap History (0 events):
No events

Dll operation events (11 events):
Event: 0.029 Loaded shared library C:\Users\DELL\.jdks\corretto-17.0.10\bin\java.dll
Event: 0.048 Loaded shared library C:\Users\DELL\.jdks\corretto-17.0.10\bin\jsvml.dll
Event: 0.165 Loaded shared library C:\Users\DELL\.jdks\corretto-17.0.10\bin\zip.dll
Event: 0.170 Loaded shared library C:\Users\DELL\.jdks\corretto-17.0.10\bin\instrument.dll
Event: 0.177 Loaded shared library C:\Users\DELL\.jdks\corretto-17.0.10\bin\net.dll
Event: 0.179 Loaded shared library C:\Users\DELL\.jdks\corretto-17.0.10\bin\nio.dll
Event: 0.187 Loaded shared library C:\Users\DELL\.jdks\corretto-17.0.10\bin\zip.dll
Event: 0.929 Loaded shared library D:\1-app\IntelliJ IDEA Community Edition 2023.2.5\bin\breakgen64.dll
Event: 0.963 Loaded shared library C:\Users\DELL\.jdks\corretto-17.0.10\bin\extnet.dll
Event: 1.132 Loaded shared library C:\Users\DELL\.jdks\corretto-17.0.10\bin\verify.dll
Event: 1.137 Loaded shared library C:\Users\DELL\.jdks\corretto-17.0.10\bin\jimage.dll

Deoptimization events (20 events):
Event: 1.403 Thread 0x000002fab756a060 DEOPT PACKING pc=0x000002fac83935d4 sp=0x000000ffe17fd180
Event: 1.403 Thread 0x000002fab756a060 DEOPT UNPACKING pc=0x000002fac7e269a3 sp=0x000000ffe17fd108 mode 2
Event: 1.511 Thread 0x000002fab756a060 Uncommon trap: trap_request=0xffffff45 fr.pc=0x000002fac8385368 relative=0x0000000000000448
Event: 1.511 Thread 0x000002fab756a060 Uncommon trap: reason=unstable_if action=reinterpret pc=0x000002fac8385368 method=java.lang.StringLatin1.canEncode(I)Z @ 4 c2
Event: 1.511 Thread 0x000002fab756a060 DEOPT PACKING pc=0x000002fac8385368 sp=0x000000ffe17fd2a0
Event: 1.511 Thread 0x000002fab756a060 DEOPT UNPACKING pc=0x000002fac7e269a3 sp=0x000000ffe17fd1c8 mode 2
Event: 1.511 Thread 0x000002fab756a060 Uncommon trap: trap_request=0xffffff45 fr.pc=0x000002fac83894cc relative=0x000000000000042c
Event: 1.511 Thread 0x000002fab756a060 Uncommon trap: reason=unstable_if action=reinterpret pc=0x000002fac83894cc method=java.lang.AbstractStringBuilder.isLatin1()Z @ 10 c2
Event: 1.512 Thread 0x000002fab756a060 DEOPT PACKING pc=0x000002fac83894cc sp=0x000000ffe17fd2b0
Event: 1.512 Thread 0x000002fab756a060 DEOPT UNPACKING pc=0x000002fac7e269a3 sp=0x000000ffe17fd230 mode 2
Event: 1.624 Thread 0x000002fab756a060 Uncommon trap: trap_request=0xffffff45 fr.pc=0x000002fac839024c relative=0x000000000000042c
Event: 1.624 Thread 0x000002fab756a060 Uncommon trap: reason=unstable_if action=reinterpret pc=0x000002fac839024c method=java.util.jar.Manifest$FastInputStream.readLine([BII)I @ 90 c2
Event: 1.624 Thread 0x000002fab756a060 DEOPT PACKING pc=0x000002fac839024c sp=0x000000ffe17fdc00
Event: 1.624 Thread 0x000002fab756a060 DEOPT UNPACKING pc=0x000002fac7e269a3 sp=0x000000ffe17fdb90 mode 2
Event: 1.625 Thread 0x000002fab756a060 DEOPT PACKING pc=0x000002fac08e6864 sp=0x000000ffe17fdb30
Event: 1.625 Thread 0x000002fab756a060 DEOPT UNPACKING pc=0x000002fac7e27143 sp=0x000000ffe17fcff0 mode 0
Event: 1.692 Thread 0x000002fab756a060 Uncommon trap: trap_request=0xffffff45 fr.pc=0x000002fac8384c64 relative=0x0000000000000064
Event: 1.692 Thread 0x000002fab756a060 Uncommon trap: reason=unstable_if action=reinterpret pc=0x000002fac8384c64 method=java.io.WinNTFileSystem.isSlash(C)Z @ 9 c2
Event: 1.692 Thread 0x000002fab756a060 DEOPT PACKING pc=0x000002fac8384c64 sp=0x000000ffe17fe5b0
Event: 1.692 Thread 0x000002fab756a060 DEOPT UNPACKING pc=0x000002fac7e269a3 sp=0x000000ffe17fe538 mode 2

Classes unloaded (0 events):
No events

Classes redefined (0 events):
No events

Internal exceptions (6 events):
Event: 0.947 Thread 0x000002fb1d0e96a0 Exception <a 'java/lang/NoSuchMethodError'{0x000000008cffa058}: 'java.lang.Object java.lang.invoke.DirectMethodHandle$Holder.invokeStaticInit(java.lang.Object)'> (0x000000008cffa058) 
thrown [s\src\hotspot\share\interpreter\linkResolver.cpp, line 759]
Event: 0.964 Thread 0x000002fb1d0e96a0 Exception <a 'java/lang/NoSuchMethodError'{0x000000008ce08d38}: 'void java.lang.invoke.DirectMethodHandle$Holder.invokeStatic(java.lang.Object, java.lang.Object)'> (0x000000008ce08d38) 
thrown [s\src\hotspot\share\interpreter\linkResolver.cpp, line 759]
Event: 1.369 Thread 0x000002fab756a060 Exception <a 'java/lang/ClassNotFoundException'{0x000000008cd787b0}: javax/smartcardio/CardPermission> (0x000000008cd787b0) 
thrown [s\src\hotspot\share\classfile\systemDictionary.cpp, line 256]
Event: 1.378 Thread 0x000002fab756a060 Exception <a 'java/io/FileNotFoundException'{0x000000008cd86af8}> (0x000000008cd86af8) 
thrown [s\src\hotspot\share\prims\jni.cpp, line 516]
Event: 1.759 Thread 0x000002fab756a060 Exception <a 'java/lang/NoSuchMethodError'{0x000000008ca8d1b8}: 'java.lang.Object java.lang.invoke.DirectMethodHandle$Holder.invokeSpecialIFC(java.lang.Object, java.lang.Object, java.lang.Object, java.lang.Object)'> (0x000000008ca8d1b8) 
thrown [s\src\hotspot\share\interpreter\linkResolver.cpp, line 759]
Event: 1.786 Thread 0x000002fab756a060 Exception <a 'java/lang/NoSuchMethodError'{0x000000008cac53f0}: 'int java.lang.invoke.DirectMethodHandle$Holder.invokeVirtual(java.lang.Object, java.lang.Object, java.lang.Object)'> (0x000000008cac53f0) 
thrown [s\src\hotspot\share\interpreter\linkResolver.cpp, line 759]

VM Operations (8 events):
Event: 0.141 Executing VM operation: HandshakeAllThreads
Event: 0.141 Executing VM operation: HandshakeAllThreads done
Event: 0.932 Executing VM operation: HandshakeAllThreads
Event: 0.945 Executing VM operation: HandshakeAllThreads done
Event: 1.692 Executing VM operation: HandshakeAllThreads
Event: 1.692 Executing VM operation: HandshakeAllThreads done
Event: 1.692 Executing VM operation: Cleanup
Event: 1.692 Executing VM operation: Cleanup done

Events (20 events):
Event: 1.691 loading class sun/net/www/protocol/jar/JarFileFactory
Event: 1.691 loading class sun/net/www/protocol/jar/URLJarFile$URLJarFileCloseController
Event: 1.691 loading class sun/net/www/protocol/jar/URLJarFile$URLJarFileCloseController done
Event: 1.691 loading class sun/net/www/protocol/jar/JarFileFactory done
Event: 1.692 loading class sun/net/www/protocol/jar/URLJarFile
Event: 1.692 loading class sun/net/www/protocol/jar/URLJarFile done
Event: 1.693 loading class sun/net/www/protocol/jar/URLJarFile$URLJarFileEntry
Event: 1.693 loading class sun/net/www/protocol/jar/URLJarFile$URLJarFileEntry done
Event: 1.693 loading class sun/net/www/protocol/jar/JarURLConnection$JarURLInputStream
Event: 1.693 loading class sun/net/www/protocol/jar/JarURLConnection$JarURLInputStream done
Event: 1.719 loading class java/util/zip/ZipFile$ZipEntryIterator
Event: 1.720 loading class java/util/zip/ZipFile$ZipEntryIterator done
Event: 1.763 loading class java/lang/invoke/DirectMethodHandle$Special
Event: 1.763 loading class java/lang/invoke/DirectMethodHandle$Special done
Event: 1.766 loading class java/util/LinkedHashMap$LinkedKeySet
Event: 1.766 loading class java/util/LinkedHashMap$LinkedKeySet done
Event: 1.766 loading class java/util/LinkedHashMap$LinkedKeyIterator
Event: 1.766 loading class java/util/LinkedHashMap$LinkedKeyIterator done
Event: 1.817 loading class java/lang/InstantiationException
Event: 1.817 loading class java/lang/InstantiationException done


Dynamic libraries:
0x00007ff67edb0000 - 0x00007ff67edbe000 	C:\Users\DELL\.jdks\corretto-17.0.10\bin\java.exe
0x00007ff8e7cd0000 - 0x00007ff8e7ec8000 	C:\Windows\SYSTEM32\ntdll.dll
0x00007ff8e60d0000 - 0x00007ff8e618d000 	C:\Windows\System32\KERNEL32.DLL
0x00007ff8e54b0000 - 0x00007ff8e57a6000 	C:\Windows\System32\KERNELBASE.dll
0x00007ff8e5380000 - 0x00007ff8e5480000 	C:\Windows\System32\ucrtbase.dll
0x00007ff8d7210000 - 0x00007ff8d722b000 	C:\Users\DELL\.jdks\corretto-17.0.10\bin\VCRUNTIME140.dll
0x00007ff8ccf50000 - 0x00007ff8ccf67000 	C:\Users\DELL\.jdks\corretto-17.0.10\bin\jli.dll
0x00007ff8e6dc0000 - 0x00007ff8e6f5f000 	C:\Windows\System32\USER32.dll
0x00007ff8b7130000 - 0x00007ff8b73ca000 	C:\Windows\WinSxS\amd64_microsoft.windows.common-controls_6595b64144ccf1df_6.0.19041.3636_none_60b6a03d71f818d5\COMCTL32.dll
0x00007ff8e5b00000 - 0x00007ff8e5b22000 	C:\Windows\System32\win32u.dll
0x00007ff8e6230000 - 0x00007ff8e62ce000 	C:\Windows\System32\msvcrt.dll
0x00007ff8e61f0000 - 0x00007ff8e621b000 	C:\Windows\System32\GDI32.dll
0x00007ff8e57b0000 - 0x00007ff8e58c7000 	C:\Windows\System32\gdi32full.dll
0x00007ff8e5a10000 - 0x00007ff8e5aad000 	C:\Windows\System32\msvcp_win.dll
0x00007ff8e5e30000 - 0x00007ff8e5e62000 	C:\Windows\System32\IMM32.DLL
0x00007ff8ccf40000 - 0x00007ff8ccf4c000 	C:\Users\DELL\.jdks\corretto-17.0.10\bin\vcruntime140_1.dll
0x00007ff8a9430000 - 0x00007ff8a94bd000 	C:\Users\DELL\.jdks\corretto-17.0.10\bin\msvcp140.dll
0x00007ff866be0000 - 0x00007ff867842000 	C:\Users\DELL\.jdks\corretto-17.0.10\bin\server\jvm.dll
0x00007ff8e64f0000 - 0x00007ff8e65a0000 	C:\Windows\System32\ADVAPI32.dll
0x00007ff8e7340000 - 0x00007ff8e73e0000 	C:\Windows\System32\sechost.dll
0x00007ff8e5e70000 - 0x00007ff8e5f93000 	C:\Windows\System32\RPCRT4.dll
0x00007ff8e5480000 - 0x00007ff8e54a7000 	C:\Windows\System32\bcrypt.dll
0x00007ff8e4d90000 - 0x00007ff8e4ddb000 	C:\Windows\SYSTEM32\POWRPROF.dll
0x00007ff8c85f0000 - 0x00007ff8c85f9000 	C:\Windows\SYSTEM32\WSOCK32.dll
0x00007ff8bde30000 - 0x00007ff8bde57000 	C:\Windows\SYSTEM32\WINMM.dll
0x00007ff8e70f0000 - 0x00007ff8e715b000 	C:\Windows\System32\WS2_32.dll
0x00007ff8d7350000 - 0x00007ff8d735a000 	C:\Windows\SYSTEM32\VERSION.dll
0x00007ff8e4d70000 - 0x00007ff8e4d82000 	C:\Windows\SYSTEM32\UMPDC.dll
0x00007ff8e3b60000 - 0x00007ff8e3b72000 	C:\Windows\SYSTEM32\kernel.appcore.dll
0x00007ff8ccf30000 - 0x00007ff8ccf3a000 	C:\Users\DELL\.jdks\corretto-17.0.10\bin\jimage.dll
0x00007ff8e3150000 - 0x00007ff8e3334000 	C:\Windows\SYSTEM32\DBGHELP.DLL
0x00007ff8b7f40000 - 0x00007ff8b7f74000 	C:\Windows\SYSTEM32\dbgcore.DLL
0x00007ff8e5980000 - 0x00007ff8e5a02000 	C:\Windows\System32\bcryptPrimitives.dll
0x00007ff8b0720000 - 0x00007ff8b072e000 	C:\Users\DELL\.jdks\corretto-17.0.10\bin\instrument.dll
0x00007ff8ae070000 - 0x00007ff8ae095000 	C:\Users\DELL\.jdks\corretto-17.0.10\bin\java.dll
0x00007ff8a8670000 - 0x00007ff8a8747000 	C:\Users\DELL\.jdks\corretto-17.0.10\bin\jsvml.dll
0x00007ff8e65a0000 - 0x00007ff8e6d0b000 	C:\Windows\System32\SHELL32.dll
0x00007ff8e33b0000 - 0x00007ff8e3b4e000 	C:\Windows\SYSTEM32\windows.storage.dll
0x00007ff8e73e0000 - 0x00007ff8e7733000 	C:\Windows\System32\combase.dll
0x00007ff8e4c00000 - 0x00007ff8e4c2e000 	C:\Windows\SYSTEM32\Wldp.dll
0x00007ff8e7270000 - 0x00007ff8e733d000 	C:\Windows\System32\OLEAUT32.dll
0x00007ff8e6f60000 - 0x00007ff8e700d000 	C:\Windows\System32\SHCORE.dll
0x00007ff8e6190000 - 0x00007ff8e61e5000 	C:\Windows\System32\shlwapi.dll
0x00007ff8e52b0000 - 0x00007ff8e52d3000 	C:\Windows\SYSTEM32\profapi.dll
0x00007ff8ae940000 - 0x00007ff8ae958000 	C:\Users\DELL\.jdks\corretto-17.0.10\bin\zip.dll
0x00007ff8af840000 - 0x00007ff8af859000 	C:\Users\DELL\.jdks\corretto-17.0.10\bin\net.dll
0x00007ff8e0120000 - 0x00007ff8e022a000 	C:\Windows\SYSTEM32\WINHTTP.dll
0x00007ff8e49e0000 - 0x00007ff8e4a4a000 	C:\Windows\system32\mswsock.dll
0x00007ff8aec90000 - 0x00007ff8aeca6000 	C:\Users\DELL\.jdks\corretto-17.0.10\bin\nio.dll
0x00007ff8aa210000 - 0x00007ff8aa22a000 	D:\1-app\IntelliJ IDEA Community Edition 2023.2.5\bin\breakgen64.dll
0x00007ff8b0a70000 - 0x00007ff8b0a79000 	C:\Users\DELL\.jdks\corretto-17.0.10\bin\extnet.dll
0x00007ff8bd5a0000 - 0x00007ff8bd5b0000 	C:\Users\DELL\.jdks\corretto-17.0.10\bin\verify.dll

dbghelp: loaded successfully - version: 4.0.5 - missing functions: none
symbol engine: initialized successfully - sym options: 0x614 - pdb path: .;C:\Users\DELL\.jdks\corretto-17.0.10\bin;C:\Windows\SYSTEM32;C:\Windows\WinSxS\amd64_microsoft.windows.common-controls_6595b64144ccf1df_6.0.19041.3636_none_60b6a03d71f818d5;C:\Users\DELL\.jdks\corretto-17.0.10\bin\server;D:\1-app\IntelliJ IDEA Community Edition 2023.2.5\bin

VM Arguments:
jvm_args: -javaagent:D:\1-app\IntelliJ IDEA Community Edition 2023.2.5\lib\idea_rt.jar=51797:D:\1-app\IntelliJ IDEA Community Edition 2023.2.5\bin -Dfile.encoding=UTF-8 
java_command: vn.project.BackendSpringBootApplication
java_class_path (initial): D:\Learning_Java\BACKEND_SPRING_BOOT\target\classes;C:\Users\DELL\.m2\repository\org\springframework\boot\spring-boot-starter\2.4.5\spring-boot-starter-2.4.5.jar;C:\Users\DELL\.m2\repository\org\springframework\boot\spring-boot\2.4.5\spring-boot-2.4.5.jar;C:\Users\DELL\.m2\repository\org\springframework\spring-context\5.3.6\spring-context-5.3.6.jar;C:\Users\DELL\.m2\repository\org\springframework\boot\spring-boot-autoconfigure\2.4.5\spring-boot-autoconfigure-2.4.5.jar;C:\Users\DELL\.m2\repository\org\springframework\boot\spring-boot-starter-logging\2.4.5\spring-boot-starter-logging-2.4.5.jar;C:\Users\DELL\.m2\repository\ch\qos\logback\logback-classic\1.2.3\logback-classic-1.2.3.jar;C:\Users\DELL\.m2\repository\ch\qos\logback\logback-core\1.2.3\logback-core-1.2.3.jar;C:\Users\DELL\.m2\repository\org\apache\logging\log4j\log4j-to-slf4j\2.13.3\log4j-to-slf4j-2.13.3.jar;C:\Users\DELL\.m2\repository\org\apache\logging\log4j\log4j-api\2.13.3\log4j-api-2.13.3.jar;C:\Users\DELL\.m2\repository\org\slf4j\jul-to-slf4j\1.7.30\jul-to-slf4j-1.7.30.jar;C:\Users\DELL\.m2\repository\jakarta\annotation\jakarta.annotation-api\1.3.5\jakarta.annotation-api-1.3.5.jar;C:\Users\DELL\.m2\repository\org\springframework\spring-core\5.3.6\spring-core-5.3.6.jar;C:\Users\DELL\.m2\repository\org\springframework\spring-jcl\5.3.6\spring-jcl-5.3.6.jar;C:\Users\DELL\.m2\repository\org\yaml\snakeyaml\1.27\snakeyaml-1.27.jar;C:\Users\DELL\.m2\repository\org\slf4j\slf4j-api\1.7.30\slf4j-api-1.7.30.jar;C:\Users\DELL\.m2\repository\jakarta\xml\bind\jakarta.xml.bind-api\2.3.3\jakarta.xml.bind-api-2.3.3.jar;C:\Users\DELL\.m2\repository\jakarta\activation\jakarta.activation-api\1.2.2\jakarta.activation-api-1.2.2.jar;C:\Users\DELL\.m2\repository\net\bytebuddy\byte-buddy\1.10.22\byte-buddy-1.10.22.jar;C:\Users\DELL\.m2\repository\org\springframework\boot\spring-boot-starter-data-jpa\2.4.5\spring-boot-starter-data-jpa-2.4.5.jar;C:\Users\DELL\.m2\repository\org\springframework\boot\s
Launcher Type: SUN_STANDARD

[Global flags]
     intx CICompilerCount                          = 4                                         {product} {ergonomic}
     uint ConcGCThreads                            = 2                                         {product} {ergonomic}
     uint G1ConcRefinementThreads                  = 8                                         {product} {ergonomic}
   size_t G1HeapRegionSize                         = 1048576                                   {product} {ergonomic}
    uintx GCDrainStackTargetSize                   = 64                                        {product} {ergonomic}
   size_t InitialHeapSize                          = 130023424                                 {product} {ergonomic}
   size_t MarkStackSize                            = 4194304                                   {product} {ergonomic}
   size_t MaxHeapSize                              = 2053111808                                {product} {ergonomic}
   size_t MaxNewSize                               = 1231028224                                {product} {ergonomic}
   size_t MinHeapDeltaBytes                        = 1048576                                   {product} {ergonomic}
   size_t MinHeapSize                              = 8388608                                   {product} {ergonomic}
    uintx NonNMethodCodeHeapSize                   = 5839372                                {pd product} {ergonomic}
    uintx NonProfiledCodeHeapSize                  = 122909434                              {pd product} {ergonomic}
    uintx ProfiledCodeHeapSize                     = 122909434                              {pd product} {ergonomic}
    uintx ReservedCodeCacheSize                    = 251658240                              {pd product} {ergonomic}
     bool SegmentedCodeCache                       = true                                      {product} {ergonomic}
   size_t SoftMaxHeapSize                          = 2053111808                             {manageable} {ergonomic}
     bool UseCompressedClassPointers               = true                           {product lp64_product} {ergonomic}
     bool UseCompressedOops                        = true                           {product lp64_product} {ergonomic}
     bool UseG1GC                                  = true                                      {product} {ergonomic}
     bool UseLargePagesIndividualAllocation        = false                                  {pd product} {ergonomic}

Logging:
Log output configuration:
 #0: stdout all=warning uptime,level,tags
 #1: stderr all=off uptime,level,tags

Environment Variables:
JAVA_HOME=C:\Program Files\Eclipse Adoptium\jdk-21.0.1.12-hotspot\
PATH=D:\1-app\software\orcale\bin;C:\Program Files\Common Files\Oracle\Java\javapath;C:\Program Files\Eclipse Adoptium\jdk-21.0.1.12-hotspot\bin;C:\Windows\system32;C:\Windows;C:\Windows\System32\Wbem;C:\Windows\System32\WindowsPowerShell\v1.0\;C:\Windows\System32\OpenSSH\;C:\Users\DELL\AppData\Roaming\nvm;C:\Program Files\nodejs;C:\xampp\php;C:\ProgramData\ComposerSetup\bin;C:\Program Files\Git\cmd;C:\maven\apache-maven-3.9.5\bin;C:\Program Files (x86)\Microsoft SQL Server\160\Tools\Binn\;C:\Program Files\Microsoft SQL Server\160\Tools\Binn\;C:\Program Files\Microsoft SQL Server\Client SDK\ODBC\170\Tools\Binn\;C:\Program Files\Microsoft SQL Server\160\DTS\Binn\;C:\Program Files (x86)\Microsoft SQL Server\160\DTS\Binn\;C:\Program Files\Azure Data Studio\bin;C:\Users\DELL\AppData\Local\Programs\Python\Python38\Scripts\;C:\Users\DELL\AppData\Local\Programs\Python\Python38\;D:\1-app\python\Scripts\;D:\1-app\python\;C:\Users\DELL\AppData\Local\Microsoft\WindowsApps;C:\Users\DELL\AppData\Roaming\nvm;C:\Program Files\nodejs;C:\Users\DELL\AppData\Roaming\Composer\vendor\bin;C:\Program Files\JetBrains\IntelliJ IDEA 2023.2.5\bin;;C:\Program Files\Azure Data Studio\bin;C:\Users\DELL\AppData\Local\Programs\Microsoft VS Code\bin;C:\src\flutter\bin;
USERNAME=DELL
OS=Windows_NT
PROCESSOR_IDENTIFIER=Intel64 Family 6 Model 165 Stepping 2, GenuineIntel
TMP=C:\Users\DELL\AppData\Local\Temp
TEMP=C:\Users\DELL\AppData\Local\Temp



Periodic native trim disabled


---------------  S Y S T E M  ---------------

OS:
 Windows 10 , 64 bit Build 19041 (10.0.19041.3636)
OS uptime: 1 days 1:19 hours
Hyper-V role detected

CPU: total 8 (initial active 8) (4 cores per cpu, 2 threads per core) family 6 model 165 stepping 2 microcode 0xf4, cx8, cmov, fxsr, ht, mmx, 3dnowpref, sse, sse2, sse3, ssse3, sse4.1, sse4.2, popcnt, lzcnt, tsc, tscinvbit, avx, avx2, aes, erms, clmul, bmi1, bmi2, adx, fma, vzeroupper, clflush, clflushopt, hv
Processor Information for all 8 processors :
  Max Mhz: 2496, Current Mhz: 2496, Mhz Limit: 2496

Memory: 4k page, system-wide physical 7825M (439M free)
TotalPageFile size 20647M (AvailPageFile size 0M)
current process WorkingSet (physical memory assigned to process): 58M, peak: 58M
current process commit charge ("private bytes"): 216M, peak: 216M

vm_info: OpenJDK 64-Bit Server VM (17.0.10+7-LTS) for windows-amd64 JRE (17.0.10+7-LTS), built on Jan 10 2024 22:11:07 by "Administrator" with MS VC++ 16.10 / 16.11 (VS2019)

END.
